{
  "RSpec": {
    "coverage": {
      "/home/eduardo/tramps/noteTrack/app/helpers/clients_helper.rb": {
        "lines": [
          1,
          null
        ]
      },
      "/home/eduardo/tramps/noteTrack/app/helpers/notebooks_helper.rb": {
        "lines": [
          1,
          null
        ]
      },
      "/home/eduardo/tramps/noteTrack/app/helpers/pages_helper.rb": {
        "lines": [
          1,
          null
        ]
      },
      "/home/eduardo/tramps/noteTrack/app/models/client.rb": {
        "lines": [
          1,
          1,
          null,
          1,
          null,
          1,
          null,
          1,
          null,
          1,
          16,
          null,
          null
        ]
      },
      "/home/eduardo/tramps/noteTrack/app/models/notebook.rb": {
        "lines": [
          1,
          1,
          null,
          1,
          1,
          null,
          1,
          null,
          1,
          null,
          1,
          24,
          null,
          null
        ]
      },
      "/home/eduardo/tramps/noteTrack/app/controllers/clients_controller.rb": {
        "lines": [
          1,
          1,
          null,
          null,
          1,
          1,
          null,
          null,
          null,
          1,
          null,
          null,
          1,
          1,
          null,
          null,
          null,
          1,
          null,
          null,
          1,
          4,
          null,
          4,
          4,
          4,
          2,
          null,
          4,
          2,
          null,
          null,
          null,
          null,
          null,
          1,
          3,
          3,
          4,
          2,
          null,
          2,
          1,
          null,
          null,
          null,
          null,
          null,
          1,
          2,
          null,
          2,
          4,
          2,
          null,
          null,
          null,
          1,
          null,
          null,
          1,
          7,
          null,
          null,
          null,
          1,
          7,
          null,
          null
        ]
      },
      "/home/eduardo/tramps/noteTrack/app/controllers/notebooks_controller.rb": {
        "lines": [
          1,
          1,
          null,
          1,
          2,
          null,
          null,
          1,
          null,
          1,
          1,
          null,
          null,
          1,
          null,
          1,
          2,
          null,
          2,
          1,
          null,
          1,
          null,
          null,
          null,
          1,
          2,
          1,
          null,
          1,
          null,
          null,
          null,
          1,
          1,
          1,
          null,
          null,
          1,
          null,
          1,
          6,
          null,
          null,
          1,
          4,
          null,
          null,
          null
        ]
      },
      "/home/eduardo/tramps/noteTrack/app/controllers/pages_controller.rb": {
        "lines": [
          1,
          1,
          null
        ]
      }
    },
    "timestamp": 1752453831
  }
}
